<?xml version="1.0" encoding="UTF-8"?>
<coverage generated="1761859587963" clover="3.2.0">
  <project timestamp="1761859587963" name="All files">
    <metrics statements="206" coveredstatements="196" conditionals="191" coveredconditionals="170" methods="37" coveredmethods="37" elements="434" coveredelements="403" complexity="0" loc="206" ncloc="206" packages="1" files="1" classes="1"/>
    <file name="morphlex.ts" path="/Users/joeldrapper/src/morphlex/src/morphlex.ts">
      <metrics statements="206" coveredstatements="196" conditionals="191" coveredconditionals="170" methods="37" coveredmethods="37"/>
      <line num="53" count="95" type="cond" truecount="2" falsecount="0"/>
      <line num="54" count="95" type="stmt"/>
      <line num="58" count="7" type="cond" truecount="2" falsecount="0"/>
      <line num="59" count="6" type="stmt"/>
      <line num="63" count="1" type="stmt"/>
      <line num="65" count="1" type="cond" truecount="1" falsecount="1"/>
      <line num="66" count="1" type="stmt"/>
      <line num="70" count="5" type="stmt"/>
      <line num="71" count="5" type="stmt"/>
      <line num="73" count="5" type="cond" truecount="1" falsecount="1"/>
      <line num="74" count="0" type="stmt"/>
      <line num="95" count="101" type="stmt"/>
      <line num="96" count="101" type="stmt"/>
      <line num="98" count="101" type="cond" truecount="2" falsecount="0"/>
      <line num="99" count="101" type="cond" truecount="2" falsecount="0"/>
      <line num="100" count="101" type="stmt"/>
      <line num="101" count="101" type="stmt"/>
      <line num="102" count="101" type="stmt"/>
      <line num="103" count="101" type="stmt"/>
      <line num="104" count="101" type="stmt"/>
      <line num="105" count="101" type="stmt"/>
      <line num="106" count="101" type="stmt"/>
      <line num="107" count="101" type="stmt"/>
      <line num="108" count="101" type="stmt"/>
      <line num="109" count="101" type="stmt"/>
      <line num="113" count="95" type="stmt"/>
      <line num="114" count="95" type="cond" truecount="2" falsecount="0"/>
      <line num="115" count="95" type="stmt"/>
      <line num="120" count="6" type="stmt"/>
      <line num="121" count="6" type="cond" truecount="2" falsecount="0"/>
      <line num="122" count="5" type="stmt"/>
      <line num="123" count="5" type="stmt"/>
      <line num="125" count="1" type="stmt"/>
      <line num="131" count="101" type="cond" truecount="2" falsecount="0"/>
      <line num="132" count="100" type="stmt"/>
      <line num="133" count="100" type="stmt"/>
      <line num="134" count="100" type="stmt"/>
      <line num="135" count="100" type="stmt"/>
      <line num="136" count="1" type="stmt"/>
      <line num="140" count="99" type="stmt"/>
      <line num="141" count="99" type="stmt"/>
      <line num="142" count="99" type="stmt"/>
      <line num="146" count="99" type="stmt"/>
      <line num="148" count="99" type="stmt"/>
      <line num="149" count="99" type="stmt"/>
      <line num="150" count="37" type="stmt"/>
      <line num="151" count="37" type="stmt"/>
      <line num="153" count="37" type="cond" truecount="4" falsecount="0"/>
      <line num="154" count="29" type="stmt"/>
      <line num="156" count="29" type="cond" truecount="2" falsecount="0"/>
      <line num="157" count="29" type="cond" truecount="2" falsecount="0"/>
      <line num="159" count="8" type="stmt"/>
      <line num="161" count="8" type="cond" truecount="4" falsecount="0"/>
      <line num="162" count="3" type="cond" truecount="2" falsecount="0"/>
      <line num="163" count="3" type="cond" truecount="2" falsecount="0"/>
      <line num="167" count="37" type="stmt"/>
      <line num="168" count="37" type="stmt"/>
      <line num="169" count="74" type="cond" truecount="2" falsecount="0"/>
      <line num="170" count="74" type="cond" truecount="2" falsecount="0"/>
      <line num="171" count="37" type="stmt"/>
      <line num="178" count="198" type="stmt"/>
      <line num="180" count="198" type="stmt"/>
      <line num="181" count="198" type="stmt"/>
      <line num="182" count="215" type="stmt"/>
      <line num="183" count="215" type="stmt"/>
      <line num="186" count="215" type="cond" truecount="2" falsecount="0"/>
      <line num="188" count="213" type="stmt"/>
      <line num="190" count="213" type="stmt"/>
      <line num="191" count="823" type="stmt"/>
      <line num="192" count="823" type="cond" truecount="2" falsecount="0"/>
      <line num="193" count="823" type="cond" truecount="2" falsecount="0"/>
      <line num="194" count="610" type="stmt"/>
      <line num="201" count="184" type="cond" truecount="2" falsecount="0"/>
      <line num="202" count="4" type="stmt"/>
      <line num="206" count="180" type="stmt"/>
      <line num="208" count="180" type="cond" truecount="4" falsecount="0"/>
      <line num="210" count="179" type="cond" truecount="4" falsecount="0"/>
      <line num="213" count="179" type="stmt"/>
      <line num="215" count="179" type="stmt"/>
      <line num="219" count="78" type="cond" truecount="3" falsecount="1"/>
      <line num="221" count="78" type="cond" truecount="5" falsecount="0"/>
      <line num="223" count="48" type="stmt"/>
      <line num="224" count="30" type="stmt"/>
      <line num="226" count="78" type="stmt"/>
      <line num="230" count="184" type="stmt"/>
      <line num="232" count="184" type="cond" truecount="2" falsecount="0"/>
      <line num="234" count="2" type="stmt"/>
      <line num="235" count="182" type="cond" truecount="4" falsecount="0"/>
      <line num="239" count="3" type="stmt"/>
      <line num="242" count="3" type="stmt"/>
      <line num="243" count="3" type="stmt"/>
      <line num="244" count="12" type="stmt"/>
      <line num="245" count="12" type="stmt"/>
      <line num="249" count="3" type="stmt"/>
      <line num="250" count="13" type="stmt"/>
      <line num="251" count="13" type="stmt"/>
      <line num="252" count="13" type="stmt"/>
      <line num="256" count="13" type="cond" truecount="2" falsecount="0"/>
      <line num="260" count="11" type="stmt"/>
      <line num="265" count="78" type="stmt"/>
      <line num="266" count="88" type="cond" truecount="5" falsecount="0"/>
      <line num="267" count="14" type="stmt"/>
      <line num="268" count="14" type="stmt"/>
      <line num="273" count="78" type="stmt"/>
      <line num="274" count="83" type="stmt"/>
      <line num="275" count="83" type="cond" truecount="5" falsecount="0"/>
      <line num="276" count="19" type="stmt"/>
      <line num="277" count="19" type="stmt"/>
      <line num="283" count="78" type="cond" truecount="4" falsecount="0"/>
      <line num="284" count="19" type="stmt"/>
      <line num="285" count="19" type="stmt"/>
      <line num="286" count="19" type="stmt"/>
      <line num="287" count="19" type="cond" truecount="2" falsecount="0"/>
      <line num="292" count="17" type="stmt"/>
      <line num="294" count="59" type="cond" truecount="4" falsecount="0"/>
      <line num="295" count="2" type="stmt"/>
      <line num="296" count="57" type="cond" truecount="2" falsecount="0"/>
      <line num="302" count="1" type="stmt"/>
      <line num="304" count="1" type="stmt"/>
      <line num="305" count="1" type="cond" truecount="1" falsecount="1"/>
      <line num="311" count="123" type="stmt"/>
      <line num="313" count="123" type="stmt"/>
      <line num="314" count="123" type="stmt"/>
      <line num="316" count="123" type="stmt"/>
      <line num="317" count="182" type="stmt"/>
      <line num="318" count="182" type="stmt"/>
      <line num="320" count="182" type="cond" truecount="4" falsecount="0"/>
      <line num="321" count="165" type="stmt"/>
      <line num="323" count="165" type="cond" truecount="2" falsecount="0"/>
      <line num="324" count="91" type="cond" truecount="2" falsecount="0"/>
      <line num="325" count="1" type="stmt"/>
      <line num="327" count="90" type="stmt"/>
      <line num="329" count="74" type="stmt"/>
      <line num="330" count="17" type="cond" truecount="1" falsecount="1"/>
      <line num="331" count="17" type="stmt"/>
      <line num="332" count="0" type="cond" truecount="0" falsecount="2"/>
      <line num="333" count="0" type="stmt"/>
      <line num="338" count="123" type="stmt"/>
      <line num="339" count="113" type="stmt"/>
      <line num="340" count="113" type="cond" truecount="1" falsecount="1"/>
      <line num="345" count="90" type="cond" truecount="4" falsecount="0"/>
      <line num="347" count="89" type="stmt"/>
      <line num="350" count="89" type="cond" truecount="2" falsecount="0"/>
      <line num="352" count="90" type="stmt"/>
      <line num="353" count="90" type="stmt"/>
      <line num="356" count="90" type="stmt"/>
      <line num="357" count="121" type="cond" truecount="2" falsecount="0"/>
      <line num="358" count="117" type="stmt"/>
      <line num="360" count="117" type="cond" truecount="4" falsecount="0"/>
      <line num="361" count="89" type="stmt"/>
      <line num="364" count="117" type="cond" truecount="2" falsecount="0"/>
      <line num="365" count="82" type="cond" truecount="2" falsecount="0"/>
      <line num="366" count="54" type="stmt"/>
      <line num="367" count="54" type="stmt"/>
      <line num="369" count="28" type="stmt"/>
      <line num="371" count="30" type="cond" truecount="4" falsecount="0"/>
      <line num="372" count="1" type="stmt"/>
      <line num="373" count="1" type="stmt"/>
      <line num="379" count="66" type="stmt"/>
      <line num="382" count="34" type="cond" truecount="1" falsecount="1"/>
      <line num="383" count="34" type="stmt"/>
      <line num="384" count="34" type="stmt"/>
      <line num="386" count="0" type="stmt"/>
      <line num="387" count="0" type="cond" truecount="0" falsecount="4"/>
      <line num="388" count="0" type="stmt"/>
      <line num="389" count="0" type="stmt"/>
      <line num="393" count="34" type="stmt"/>
      <line num="397" count="126" type="stmt"/>
      <line num="399" count="126" type="cond" truecount="5" falsecount="0"/>
      <line num="400" count="44" type="stmt"/>
      <line num="401" count="44" type="stmt"/>
      <line num="406" count="30" type="cond" truecount="6" falsecount="0"/>
      <line num="407" count="29" type="stmt"/>
      <line num="408" count="29" type="stmt"/>
      <line num="409" count="29" type="stmt"/>
      <line num="414" count="89" type="cond" truecount="2" falsecount="0"/>
      <line num="416" count="15" type="cond" truecount="1" falsecount="1"/>
      <line num="417" count="15" type="cond" truecount="2" falsecount="0"/>
      <line num="419" count="15" type="cond" truecount="2" falsecount="0"/>
      <line num="420" count="5" type="stmt"/>
      <line num="422" count="5" type="stmt"/>
      <line num="423" count="5" type="cond" truecount="1" falsecount="1"/>
      <line num="425" count="5" type="cond" truecount="1" falsecount="1"/>
      <line num="426" count="0" type="stmt"/>
      <line num="428" count="0" type="cond" truecount="0" falsecount="2"/>
      <line num="429" count="0" type="stmt"/>
      <line num="430" count="5" type="stmt"/>
      <line num="435" count="15" type="stmt"/>
      <line num="439" count="28" type="cond" truecount="4" falsecount="0"/>
      <line num="440" count="27" type="stmt"/>
      <line num="441" count="27" type="stmt"/>
      <line num="446" count="125" type="cond" truecount="3" falsecount="1"/>
      <line num="447" count="125" type="stmt"/>
      <line num="448" count="125" type="stmt"/>
      <line num="454" count="12" type="stmt"/>
      <line num="458" count="355" type="stmt"/>
      <line num="459" count="355" type="cond" truecount="3" falsecount="0"/>
      <line num="463" count="95" type="cond" truecount="2" falsecount="0"/>
      <line num="469" count="900" type="stmt"/>
      <line num="475" count="8" type="cond" truecount="2" falsecount="0"/>
      <line num="481" count="134" type="stmt"/>
      <line num="487" count="61" type="stmt"/>
      <line num="493" count="72" type="stmt"/>
      <line num="499" count="275" type="stmt"/>
      <line num="502" count="3" type="stmt"/>
      <line num="507" count="189" type="stmt"/>
    </file>
  </project>
</coverage>
