{"/Users/joeldrapper/src/morphlex/src/morphlex.ts": {"path":"/Users/joeldrapper/src/morphlex/src/morphlex.ts","statementMap":{"0":{"start":{"line":53,"column":1},"end":{"line":53,"column":null}},"1":{"start":{"line":53,"column":36},"end":{"line":53,"column":null}},"2":{"start":{"line":54,"column":1},"end":{"line":54,"column":null}},"3":{"start":{"line":58,"column":1},"end":{"line":58,"column":null}},"4":{"start":{"line":58,"column":36},"end":{"line":58,"column":null}},"5":{"start":{"line":59,"column":1},"end":{"line":59,"column":null}},"6":{"start":{"line":63,"column":14},"end":{"line":63,"column":null}},"7":{"start":{"line":65,"column":1},"end":{"line":66,"column":null}},"8":{"start":{"line":65,"column":22},"end":{"line":65,"column":null}},"9":{"start":{"line":66,"column":6},"end":{"line":66,"column":null}},"10":{"start":{"line":70,"column":16},"end":{"line":70,"column":null}},"11":{"start":{"line":71,"column":13},"end":{"line":71,"column":null}},"12":{"start":{"line":73,"column":1},"end":{"line":74,"column":null}},"13":{"start":{"line":73,"column":34},"end":{"line":73,"column":null}},"14":{"start":{"line":74,"column":6},"end":{"line":74,"column":null}},"15":{"start":{"line":95,"column":2},"end":{"line":95,"column":null}},"16":{"start":{"line":96,"column":2},"end":{"line":96,"column":null}},"17":{"start":{"line":98,"column":2},"end":{"line":98,"column":null}},"18":{"start":{"line":99,"column":2},"end":{"line":99,"column":null}},"19":{"start":{"line":100,"column":2},"end":{"line":100,"column":null}},"20":{"start":{"line":101,"column":2},"end":{"line":101,"column":null}},"21":{"start":{"line":102,"column":2},"end":{"line":102,"column":null}},"22":{"start":{"line":103,"column":2},"end":{"line":103,"column":null}},"23":{"start":{"line":104,"column":2},"end":{"line":104,"column":null}},"24":{"start":{"line":105,"column":2},"end":{"line":105,"column":null}},"25":{"start":{"line":106,"column":2},"end":{"line":106,"column":null}},"26":{"start":{"line":107,"column":2},"end":{"line":107,"column":null}},"27":{"start":{"line":108,"column":2},"end":{"line":108,"column":null}},"28":{"start":{"line":109,"column":2},"end":{"line":109,"column":null}},"29":{"start":{"line":113,"column":2},"end":{"line":116,"column":null}},"30":{"start":{"line":114,"column":3},"end":{"line":114,"column":null}},"31":{"start":{"line":114,"column":31},"end":{"line":114,"column":null}},"32":{"start":{"line":115,"column":3},"end":{"line":115,"column":null}},"33":{"start":{"line":120,"column":2},"end":{"line":127,"column":null}},"34":{"start":{"line":121,"column":3},"end":{"line":126,"column":null}},"35":{"start":{"line":122,"column":4},"end":{"line":122,"column":null}},"36":{"start":{"line":123,"column":4},"end":{"line":123,"column":null}},"37":{"start":{"line":125,"column":4},"end":{"line":125,"column":null}},"38":{"start":{"line":131,"column":2},"end":{"line":136,"column":null}},"39":{"start":{"line":132,"column":28},"end":{"line":132,"column":null}},"40":{"start":{"line":133,"column":3},"end":{"line":133,"column":null}},"41":{"start":{"line":134,"column":3},"end":{"line":134,"column":null}},"42":{"start":{"line":135,"column":3},"end":{"line":135,"column":null}},"43":{"start":{"line":136,"column":9},"end":{"line":136,"column":null}},"44":{"start":{"line":140,"column":2},"end":{"line":140,"column":null}},"45":{"start":{"line":141,"column":2},"end":{"line":141,"column":null}},"46":{"start":{"line":142,"column":2},"end":{"line":142,"column":null}},"47":{"start":{"line":146,"column":28},"end":{"line":146,"column":null}},"48":{"start":{"line":148,"column":34},"end":{"line":148,"column":null}},"49":{"start":{"line":149,"column":2},"end":{"line":173,"column":null}},"50":{"start":{"line":149,"column":15},"end":{"line":149,"column":18}},"51":{"start":{"line":150,"column":28},"end":{"line":150,"column":null}},"52":{"start":{"line":151,"column":19},"end":{"line":151,"column":null}},"53":{"start":{"line":153,"column":3},"end":{"line":165,"column":null}},"54":{"start":{"line":154,"column":4},"end":{"line":154,"column":null}},"55":{"start":{"line":156,"column":4},"end":{"line":156,"column":null}},"56":{"start":{"line":156,"column":66},"end":{"line":156,"column":null}},"57":{"start":{"line":157,"column":4},"end":{"line":157,"column":null}},"58":{"start":{"line":157,"column":53},"end":{"line":157,"column":null}},"59":{"start":{"line":159,"column":4},"end":{"line":159,"column":null}},"60":{"start":{"line":161,"column":4},"end":{"line":164,"column":null}},"61":{"start":{"line":162,"column":5},"end":{"line":162,"column":null}},"62":{"start":{"line":162,"column":35},"end":{"line":162,"column":null}},"63":{"start":{"line":163,"column":5},"end":{"line":163,"column":null}},"64":{"start":{"line":163,"column":43},"end":{"line":163,"column":null}},"65":{"start":{"line":167,"column":47},"end":{"line":167,"column":null}},"66":{"start":{"line":168,"column":3},"end":{"line":172,"column":null}},"67":{"start":{"line":169,"column":4},"end":{"line":169,"column":null}},"68":{"start":{"line":170,"column":4},"end":{"line":170,"column":null}},"69":{"start":{"line":170,"column":26},"end":{"line":170,"column":null}},"70":{"start":{"line":171,"column":4},"end":{"line":171,"column":null}},"71":{"start":{"line":178,"column":26},"end":{"line":178,"column":null}},"72":{"start":{"line":180,"column":32},"end":{"line":180,"column":null}},"73":{"start":{"line":181,"column":2},"end":{"line":196,"column":null}},"74":{"start":{"line":181,"column":15},"end":{"line":181,"column":18}},"75":{"start":{"line":182,"column":25},"end":{"line":182,"column":null}},"76":{"start":{"line":183,"column":14},"end":{"line":183,"column":null}},"77":{"start":{"line":186,"column":3},"end":{"line":186,"column":null}},"78":{"start":{"line":186,"column":18},"end":{"line":186,"column":null}},"79":{"start":{"line":188,"column":47},"end":{"line":188,"column":null}},"80":{"start":{"line":190,"column":3},"end":{"line":195,"column":null}},"81":{"start":{"line":191,"column":37},"end":{"line":191,"column":null}},"82":{"start":{"line":192,"column":4},"end":{"line":192,"column":null}},"83":{"start":{"line":193,"column":4},"end":{"line":193,"column":null}},"84":{"start":{"line":193,"column":26},"end":{"line":193,"column":null}},"85":{"start":{"line":194,"column":4},"end":{"line":194,"column":null}},"86":{"start":{"line":201,"column":2},"end":{"line":202,"column":null}},"87":{"start":{"line":201,"column":35},"end":{"line":201,"column":null}},"88":{"start":{"line":202,"column":7},"end":{"line":202,"column":null}},"89":{"start":{"line":206,"column":28},"end":{"line":206,"column":null}},"90":{"start":{"line":208,"column":2},"end":{"line":208,"column":null}},"91":{"start":{"line":208,"column":75},"end":{"line":208,"column":null}},"92":{"start":{"line":210,"column":2},"end":{"line":210,"column":null}},"93":{"start":{"line":210,"column":57},"end":{"line":210,"column":null}},"94":{"start":{"line":213,"column":2},"end":{"line":213,"column":null}},"95":{"start":{"line":215,"column":2},"end":{"line":215,"column":null}},"96":{"start":{"line":219,"column":2},"end":{"line":219,"column":null}},"97":{"start":{"line":219,"column":75},"end":{"line":219,"column":null}},"98":{"start":{"line":221,"column":2},"end":{"line":224,"column":null}},"99":{"start":{"line":223,"column":3},"end":{"line":223,"column":null}},"100":{"start":{"line":224,"column":9},"end":{"line":224,"column":null}},"101":{"start":{"line":226,"column":2},"end":{"line":226,"column":null}},"102":{"start":{"line":230,"column":28},"end":{"line":230,"column":null}},"103":{"start":{"line":232,"column":2},"end":{"line":235,"column":null}},"104":{"start":{"line":234,"column":3},"end":{"line":234,"column":null}},"105":{"start":{"line":235,"column":2},"end":{"line":235,"column":null}},"106":{"start":{"line":235,"column":64},"end":{"line":235,"column":null}},"107":{"start":{"line":239,"column":63},"end":{"line":239,"column":null}},"108":{"start":{"line":242,"column":34},"end":{"line":242,"column":null}},"109":{"start":{"line":243,"column":2},"end":{"line":246,"column":null}},"110":{"start":{"line":243,"column":15},"end":{"line":243,"column":18}},"111":{"start":{"line":244,"column":17},"end":{"line":244,"column":null}},"112":{"start":{"line":245,"column":3},"end":{"line":245,"column":null}},"113":{"start":{"line":249,"column":2},"end":{"line":257,"column":null}},"114":{"start":{"line":249,"column":15},"end":{"line":249,"column":41}},"115":{"start":{"line":250,"column":17},"end":{"line":250,"column":null}},"116":{"start":{"line":251,"column":15},"end":{"line":251,"column":null}},"117":{"start":{"line":252,"column":20},"end":{"line":252,"column":null}},"118":{"start":{"line":256,"column":3},"end":{"line":256,"column":null}},"119":{"start":{"line":260,"column":2},"end":{"line":260,"column":null}},"120":{"start":{"line":260,"column":52},"end":{"line":260,"column":null}},"121":{"start":{"line":265,"column":2},"end":{"line":270,"column":null}},"122":{"start":{"line":266,"column":3},"end":{"line":269,"column":null}},"123":{"start":{"line":267,"column":4},"end":{"line":267,"column":null}},"124":{"start":{"line":268,"column":4},"end":{"line":268,"column":null}},"125":{"start":{"line":273,"column":2},"end":{"line":279,"column":null}},"126":{"start":{"line":274,"column":25},"end":{"line":274,"column":null}},"127":{"start":{"line":275,"column":3},"end":{"line":278,"column":null}},"128":{"start":{"line":276,"column":4},"end":{"line":276,"column":null}},"129":{"start":{"line":277,"column":4},"end":{"line":277,"column":null}},"130":{"start":{"line":283,"column":2},"end":{"line":306,"column":null}},"131":{"start":{"line":284,"column":3},"end":{"line":284,"column":null}},"132":{"start":{"line":285,"column":3},"end":{"line":285,"column":null}},"133":{"start":{"line":286,"column":3},"end":{"line":286,"column":null}},"134":{"start":{"line":287,"column":3},"end":{"line":293,"column":null}},"135":{"start":{"line":292,"column":4},"end":{"line":292,"column":null}},"136":{"start":{"line":294,"column":2},"end":{"line":306,"column":null}},"137":{"start":{"line":295,"column":3},"end":{"line":295,"column":null}},"138":{"start":{"line":296,"column":2},"end":{"line":306,"column":null}},"139":{"start":{"line":302,"column":3},"end":{"line":302,"column":null}},"140":{"start":{"line":304,"column":16},"end":{"line":304,"column":null}},"141":{"start":{"line":305,"column":3},"end":{"line":305,"column":null}},"142":{"start":{"line":305,"column":13},"end":{"line":305,"column":null}},"143":{"start":{"line":311,"column":31},"end":{"line":311,"column":null}},"144":{"start":{"line":313,"column":21},"end":{"line":313,"column":null}},"145":{"start":{"line":314,"column":24},"end":{"line":314,"column":null}},"146":{"start":{"line":316,"column":2},"end":{"line":335,"column":null}},"147":{"start":{"line":316,"column":15},"end":{"line":316,"column":18}},"148":{"start":{"line":317,"column":17},"end":{"line":317,"column":null}},"149":{"start":{"line":318,"column":20},"end":{"line":318,"column":null}},"150":{"start":{"line":320,"column":3},"end":{"line":334,"column":null}},"151":{"start":{"line":321,"column":47},"end":{"line":321,"column":null}},"152":{"start":{"line":323,"column":4},"end":{"line":329,"column":null}},"153":{"start":{"line":324,"column":5},"end":{"line":328,"column":null}},"154":{"start":{"line":325,"column":6},"end":{"line":325,"column":null}},"155":{"start":{"line":327,"column":6},"end":{"line":327,"column":null}},"156":{"start":{"line":329,"column":11},"end":{"line":329,"column":null}},"157":{"start":{"line":330,"column":3},"end":{"line":334,"column":null}},"158":{"start":{"line":331,"column":4},"end":{"line":331,"column":null}},"159":{"start":{"line":332,"column":3},"end":{"line":334,"column":null}},"160":{"start":{"line":333,"column":4},"end":{"line":333,"column":null}},"161":{"start":{"line":338,"column":2},"end":{"line":341,"column":null}},"162":{"start":{"line":339,"column":17},"end":{"line":339,"column":null}},"163":{"start":{"line":340,"column":3},"end":{"line":340,"column":null}},"164":{"start":{"line":340,"column":14},"end":{"line":340,"column":null}},"165":{"start":{"line":345,"column":2},"end":{"line":345,"column":null}},"166":{"start":{"line":345,"column":76},"end":{"line":345,"column":null}},"167":{"start":{"line":347,"column":19},"end":{"line":347,"column":null}},"168":{"start":{"line":350,"column":22},"end":{"line":350,"column":null}},"169":{"start":{"line":352,"column":38},"end":{"line":352,"column":null}},"170":{"start":{"line":353,"column":45},"end":{"line":353,"column":null}},"171":{"start":{"line":356,"column":2},"end":{"line":380,"column":null}},"172":{"start":{"line":357,"column":3},"end":{"line":377,"column":null}},"173":{"start":{"line":358,"column":15},"end":{"line":358,"column":null}},"174":{"start":{"line":360,"column":4},"end":{"line":362,"column":null}},"175":{"start":{"line":361,"column":5},"end":{"line":361,"column":null}},"176":{"start":{"line":364,"column":4},"end":{"line":376,"column":null}},"177":{"start":{"line":365,"column":5},"end":{"line":375,"column":null}},"178":{"start":{"line":366,"column":6},"end":{"line":366,"column":null}},"179":{"start":{"line":367,"column":6},"end":{"line":367,"column":null}},"180":{"start":{"line":369,"column":27},"end":{"line":369,"column":null}},"181":{"start":{"line":371,"column":6},"end":{"line":374,"column":null}},"182":{"start":{"line":371,"column":51},"end":{"line":371,"column":71}},"183":{"start":{"line":372,"column":7},"end":{"line":372,"column":null}},"184":{"start":{"line":373,"column":7},"end":{"line":373,"column":null}},"185":{"start":{"line":379,"column":3},"end":{"line":379,"column":null}},"186":{"start":{"line":382,"column":2},"end":{"line":391,"column":null}},"187":{"start":{"line":383,"column":3},"end":{"line":383,"column":null}},"188":{"start":{"line":384,"column":3},"end":{"line":384,"column":null}},"189":{"start":{"line":386,"column":19},"end":{"line":386,"column":null}},"190":{"start":{"line":387,"column":3},"end":{"line":390,"column":null}},"191":{"start":{"line":388,"column":4},"end":{"line":388,"column":null}},"192":{"start":{"line":389,"column":4},"end":{"line":389,"column":null}},"193":{"start":{"line":393,"column":2},"end":{"line":393,"column":null}},"194":{"start":{"line":397,"column":24},"end":{"line":397,"column":null}},"195":{"start":{"line":399,"column":2},"end":{"line":402,"column":null}},"196":{"start":{"line":400,"column":3},"end":{"line":400,"column":null}},"197":{"start":{"line":401,"column":3},"end":{"line":401,"column":null}},"198":{"start":{"line":406,"column":2},"end":{"line":410,"column":null}},"199":{"start":{"line":407,"column":3},"end":{"line":407,"column":null}},"200":{"start":{"line":408,"column":3},"end":{"line":408,"column":null}},"201":{"start":{"line":409,"column":3},"end":{"line":409,"column":null}},"202":{"start":{"line":414,"column":2},"end":{"line":414,"column":null}},"203":{"start":{"line":414,"column":31},"end":{"line":414,"column":null}},"204":{"start":{"line":416,"column":2},"end":{"line":433,"column":null}},"205":{"start":{"line":417,"column":23},"end":{"line":417,"column":null}},"206":{"start":{"line":419,"column":3},"end":{"line":432,"column":null}},"207":{"start":{"line":420,"column":23},"end":{"line":420,"column":null}},"208":{"start":{"line":422,"column":4},"end":{"line":431,"column":null}},"209":{"start":{"line":423,"column":37},"end":{"line":423,"column":null}},"210":{"start":{"line":425,"column":5},"end":{"line":430,"column":null}},"211":{"start":{"line":426,"column":6},"end":{"line":426,"column":null}},"212":{"start":{"line":428,"column":6},"end":{"line":428,"column":null}},"213":{"start":{"line":428,"column":43},"end":{"line":428,"column":null}},"214":{"start":{"line":429,"column":6},"end":{"line":429,"column":null}},"215":{"start":{"line":430,"column":12},"end":{"line":430,"column":null}},"216":{"start":{"line":435,"column":2},"end":{"line":435,"column":null}},"217":{"start":{"line":439,"column":2},"end":{"line":442,"column":null}},"218":{"start":{"line":440,"column":3},"end":{"line":440,"column":null}},"219":{"start":{"line":441,"column":3},"end":{"line":441,"column":null}},"220":{"start":{"line":446,"column":2},"end":{"line":449,"column":null}},"221":{"start":{"line":447,"column":3},"end":{"line":447,"column":null}},"222":{"start":{"line":448,"column":3},"end":{"line":448,"column":null}},"223":{"start":{"line":454,"column":1},"end":{"line":454,"column":null}},"224":{"start":{"line":458,"column":16},"end":{"line":458,"column":null}},"225":{"start":{"line":459,"column":1},"end":{"line":459,"column":null}},"226":{"start":{"line":463,"column":1},"end":{"line":463,"column":null}},"227":{"start":{"line":469,"column":1},"end":{"line":469,"column":null}},"228":{"start":{"line":475,"column":1},"end":{"line":475,"column":null}},"229":{"start":{"line":481,"column":1},"end":{"line":481,"column":null}},"230":{"start":{"line":487,"column":1},"end":{"line":487,"column":null}},"231":{"start":{"line":493,"column":1},"end":{"line":493,"column":null}},"232":{"start":{"line":499,"column":1},"end":{"line":499,"column":null}},"233":{"start":{"line":502,"column":24},"end":{"line":502,"column":null}},"234":{"start":{"line":507,"column":1},"end":{"line":507,"column":null}}},"fnMap":{"0":{"name":"morph","decl":{"start":{"line":52,"column":16},"end":{"line":52,"column":22}},"loc":{"start":{"line":52,"column":99},"end":{"line":55,"column":null}},"line":52},"1":{"name":"morphInner","decl":{"start":{"line":57,"column":16},"end":{"line":57,"column":27}},"loc":{"start":{"line":57,"column":103},"end":{"line":60,"column":null}},"line":57},"2":{"name":"parseElementFromString","decl":{"start":{"line":62,"column":9},"end":{"line":62,"column":32}},"loc":{"start":{"line":62,"column":57},"end":{"line":67,"column":null}},"line":62},"3":{"name":"parseChildNodeFromString","decl":{"start":{"line":69,"column":9},"end":{"line":69,"column":34}},"loc":{"start":{"line":69,"column":61},"end":{"line":75,"column":null}},"line":69},"4":{"name":"(anonymous_4)","decl":{"start":{"line":94,"column":1},"end":{"line":94,"column":13}},"loc":{"start":{"line":94,"column":36},"end":{"line":110,"column":null}},"line":94},"5":{"name":"(anonymous_5)","decl":{"start":{"line":112,"column":1},"end":{"line":112,"column":7}},"loc":{"start":{"line":112,"column":49},"end":{"line":117,"column":null}},"line":112},"6":{"name":"(anonymous_6)","decl":{"start":{"line":113,"column":30},"end":{"line":113,"column":36}},"loc":{"start":{"line":113,"column":36},"end":{"line":116,"column":3}},"line":113},"7":{"name":"(anonymous_7)","decl":{"start":{"line":119,"column":1},"end":{"line":119,"column":12}},"loc":{"start":{"line":119,"column":52},"end":{"line":128,"column":null}},"line":119},"8":{"name":"(anonymous_8)","decl":{"start":{"line":120,"column":30},"end":{"line":120,"column":36}},"loc":{"start":{"line":120,"column":36},"end":{"line":127,"column":3}},"line":120},"9":{"name":"(anonymous_9)","decl":{"start":{"line":130,"column":1},"end":{"line":130,"column":15}},"loc":{"start":{"line":130,"column":52},"end":{"line":137,"column":null}},"line":130},"10":{"name":"(anonymous_10)","decl":{"start":{"line":139,"column":1},"end":{"line":139,"column":12}},"loc":{"start":{"line":139,"column":68},"end":{"line":143,"column":null}},"line":139},"11":{"name":"(anonymous_11)","decl":{"start":{"line":145,"column":1},"end":{"line":145,"column":15}},"loc":{"start":{"line":145,"column":53},"end":{"line":174,"column":null}},"line":145},"12":{"name":"(anonymous_12)","decl":{"start":{"line":177,"column":1},"end":{"line":177,"column":12}},"loc":{"start":{"line":177,"column":50},"end":{"line":197,"column":null}},"line":177},"13":{"name":"(anonymous_13)","decl":{"start":{"line":200,"column":1},"end":{"line":200,"column":12}},"loc":{"start":{"line":200,"column":54},"end":{"line":203,"column":null}},"line":200},"14":{"name":"(anonymous_14)","decl":{"start":{"line":205,"column":1},"end":{"line":205,"column":27}},"loc":{"start":{"line":205,"column":78},"end":{"line":216,"column":null}},"line":205},"15":{"name":"(anonymous_15)","decl":{"start":{"line":218,"column":1},"end":{"line":218,"column":17}},"loc":{"start":{"line":218,"column":72},"end":{"line":227,"column":null}},"line":218},"16":{"name":"(anonymous_16)","decl":{"start":{"line":229,"column":1},"end":{"line":229,"column":30}},"loc":{"start":{"line":229,"column":81},"end":{"line":236,"column":null}},"line":229},"17":{"name":"(anonymous_17)","decl":{"start":{"line":238,"column":1},"end":{"line":238,"column":20}},"loc":{"start":{"line":238,"column":92},"end":{"line":261,"column":null}},"line":238},"18":{"name":"(anonymous_18)","decl":{"start":{"line":263,"column":1},"end":{"line":263,"column":18}},"loc":{"start":{"line":263,"column":85},"end":{"line":307,"column":null}},"line":263},"19":{"name":"(anonymous_19)","decl":{"start":{"line":310,"column":1},"end":{"line":310,"column":18}},"loc":{"start":{"line":310,"column":69},"end":{"line":342,"column":null}},"line":310},"20":{"name":"(anonymous_20)","decl":{"start":{"line":344,"column":1},"end":{"line":344,"column":20}},"loc":{"start":{"line":344,"column":102},"end":{"line":394,"column":null}},"line":344},"21":{"name":"(anonymous_21)","decl":{"start":{"line":371,"column":43},"end":{"line":371,"column":44}},"loc":{"start":{"line":371,"column":51},"end":{"line":371,"column":71}},"line":371},"22":{"name":"(anonymous_22)","decl":{"start":{"line":396,"column":1},"end":{"line":396,"column":52}},"loc":{"start":{"line":396,"column":100},"end":{"line":403,"column":null}},"line":396},"23":{"name":"(anonymous_23)","decl":{"start":{"line":405,"column":1},"end":{"line":405,"column":14}},"loc":{"start":{"line":405,"column":52},"end":{"line":411,"column":null}},"line":405},"24":{"name":"(anonymous_24)","decl":{"start":{"line":413,"column":1},"end":{"line":413,"column":15}},"loc":{"start":{"line":413,"column":80},"end":{"line":436,"column":null}},"line":413},"25":{"name":"(anonymous_25)","decl":{"start":{"line":438,"column":1},"end":{"line":438,"column":14}},"loc":{"start":{"line":438,"column":53},"end":{"line":443,"column":null}},"line":438},"26":{"name":"(anonymous_26)","decl":{"start":{"line":445,"column":1},"end":{"line":445,"column":13}},"loc":{"start":{"line":445,"column":36},"end":{"line":450,"column":null}},"line":445},"27":{"name":"writableNode","decl":{"start":{"line":453,"column":9},"end":{"line":453,"column":38}},"loc":{"start":{"line":453,"column":64},"end":{"line":455,"column":null}},"line":453},"28":{"name":"isMatchingElementPair","decl":{"start":{"line":457,"column":9},"end":{"line":457,"column":31}},"loc":{"start":{"line":457,"column":109},"end":{"line":460,"column":null}},"line":457},"29":{"name":"isParentNodePair","decl":{"start":{"line":462,"column":9},"end":{"line":462,"column":26}},"loc":{"start":{"line":462,"column":96},"end":{"line":464,"column":null}},"line":462},"30":{"name":"isElement","decl":{"start":{"line":468,"column":9},"end":{"line":468,"column":19}},"loc":{"start":{"line":468,"column":61},"end":{"line":470,"column":null}},"line":468},"31":{"name":"isMedia","decl":{"start":{"line":474,"column":9},"end":{"line":474,"column":17}},"loc":{"start":{"line":474,"column":68},"end":{"line":476,"column":null}},"line":474},"32":{"name":"isInput","decl":{"start":{"line":480,"column":9},"end":{"line":480,"column":17}},"loc":{"start":{"line":480,"column":68},"end":{"line":482,"column":null}},"line":480},"33":{"name":"isOption","decl":{"start":{"line":486,"column":9},"end":{"line":486,"column":18}},"loc":{"start":{"line":486,"column":69},"end":{"line":488,"column":null}},"line":486},"34":{"name":"isTextArea","decl":{"start":{"line":492,"column":9},"end":{"line":492,"column":20}},"loc":{"start":{"line":492,"column":71},"end":{"line":494,"column":null}},"line":492},"35":{"name":"isHead","decl":{"start":{"line":498,"column":9},"end":{"line":498,"column":16}},"loc":{"start":{"line":498,"column":67},"end":{"line":500,"column":null}},"line":498},"36":{"name":"isParentNode","decl":{"start":{"line":506,"column":9},"end":{"line":506,"column":22}},"loc":{"start":{"line":506,"column":64},"end":{"line":508,"column":null}},"line":506}},"branchMap":{"0":{"loc":{"start":{"line":52,"column":70},"end":{"line":52,"column":99}},"type":"default-arg","locations":[{"start":{"line":52,"column":89},"end":{"line":52,"column":99}}],"line":52},"1":{"loc":{"start":{"line":53,"column":1},"end":{"line":53,"column":null}},"type":"if","locations":[{"start":{"line":53,"column":1},"end":{"line":53,"column":null}},{"start":{},"end":{}}],"line":53},"2":{"loc":{"start":{"line":57,"column":74},"end":{"line":57,"column":103}},"type":"default-arg","locations":[{"start":{"line":57,"column":93},"end":{"line":57,"column":103}}],"line":57},"3":{"loc":{"start":{"line":58,"column":1},"end":{"line":58,"column":null}},"type":"if","locations":[{"start":{"line":58,"column":1},"end":{"line":58,"column":null}},{"start":{},"end":{}}],"line":58},"4":{"loc":{"start":{"line":65,"column":1},"end":{"line":66,"column":null}},"type":"if","locations":[{"start":{"line":65,"column":1},"end":{"line":66,"column":null}},{"start":{"line":66,"column":6},"end":{"line":66,"column":null}}],"line":65},"5":{"loc":{"start":{"line":73,"column":1},"end":{"line":74,"column":null}},"type":"if","locations":[{"start":{"line":73,"column":1},"end":{"line":74,"column":null}},{"start":{"line":74,"column":6},"end":{"line":74,"column":null}}],"line":73},"6":{"loc":{"start":{"line":94,"column":13},"end":{"line":94,"column":36}},"type":"default-arg","locations":[{"start":{"line":94,"column":32},"end":{"line":94,"column":36}}],"line":94},"7":{"loc":{"start":{"line":98,"column":28},"end":{"line":98,"column":null}},"type":"binary-expr","locations":[{"start":{"line":98,"column":28},"end":{"line":98,"column":57}},{"start":{"line":98,"column":57},"end":{"line":98,"column":null}}],"line":98},"8":{"loc":{"start":{"line":99,"column":33},"end":{"line":99,"column":null}},"type":"binary-expr","locations":[{"start":{"line":99,"column":33},"end":{"line":99,"column":67}},{"start":{"line":99,"column":67},"end":{"line":99,"column":null}}],"line":99},"9":{"loc":{"start":{"line":114,"column":3},"end":{"line":114,"column":null}},"type":"if","locations":[{"start":{"line":114,"column":3},"end":{"line":114,"column":null}},{"start":{},"end":{}}],"line":114},"10":{"loc":{"start":{"line":121,"column":3},"end":{"line":126,"column":null}},"type":"if","locations":[{"start":{"line":121,"column":3},"end":{"line":126,"column":null}},{"start":{"line":124,"column":10},"end":{"line":126,"column":null}}],"line":121},"11":{"loc":{"start":{"line":131,"column":2},"end":{"line":136,"column":null}},"type":"if","locations":[{"start":{"line":131,"column":2},"end":{"line":136,"column":null}},{"start":{"line":136,"column":9},"end":{"line":136,"column":null}}],"line":131},"12":{"loc":{"start":{"line":153,"column":3},"end":{"line":165,"column":null}},"type":"if","locations":[{"start":{"line":153,"column":3},"end":{"line":165,"column":null}},{"start":{"line":158,"column":10},"end":{"line":165,"column":null}}],"line":153},"13":{"loc":{"start":{"line":153,"column":7},"end":{"line":153,"column":66}},"type":"binary-expr","locations":[{"start":{"line":153,"column":7},"end":{"line":153,"column":36}},{"start":{"line":153,"column":36},"end":{"line":153,"column":66}}],"line":153},"14":{"loc":{"start":{"line":156,"column":4},"end":{"line":156,"column":null}},"type":"if","locations":[{"start":{"line":156,"column":4},"end":{"line":156,"column":null}},{"start":{},"end":{}}],"line":156},"15":{"loc":{"start":{"line":157,"column":4},"end":{"line":157,"column":null}},"type":"if","locations":[{"start":{"line":157,"column":4},"end":{"line":157,"column":null}},{"start":{},"end":{}}],"line":157},"16":{"loc":{"start":{"line":161,"column":4},"end":{"line":164,"column":null}},"type":"if","locations":[{"start":{"line":161,"column":4},"end":{"line":164,"column":null}},{"start":{},"end":{}}],"line":161},"17":{"loc":{"start":{"line":161,"column":8},"end":{"line":161,"column":62}},"type":"binary-expr","locations":[{"start":{"line":161,"column":8},"end":{"line":161,"column":37}},{"start":{"line":161,"column":37},"end":{"line":161,"column":62}}],"line":161},"18":{"loc":{"start":{"line":162,"column":5},"end":{"line":162,"column":null}},"type":"if","locations":[{"start":{"line":162,"column":5},"end":{"line":162,"column":null}},{"start":{},"end":{}}],"line":162},"19":{"loc":{"start":{"line":163,"column":5},"end":{"line":163,"column":null}},"type":"if","locations":[{"start":{"line":163,"column":5},"end":{"line":163,"column":null}},{"start":{},"end":{}}],"line":163},"20":{"loc":{"start":{"line":169,"column":37},"end":{"line":169,"column":77}},"type":"binary-expr","locations":[{"start":{"line":169,"column":37},"end":{"line":169,"column":72}},{"start":{"line":169,"column":72},"end":{"line":169,"column":77}}],"line":169},"21":{"loc":{"start":{"line":170,"column":4},"end":{"line":170,"column":null}},"type":"if","locations":[{"start":{"line":170,"column":4},"end":{"line":170,"column":null}},{"start":{},"end":{}}],"line":170},"22":{"loc":{"start":{"line":186,"column":3},"end":{"line":186,"column":null}},"type":"if","locations":[{"start":{"line":186,"column":3},"end":{"line":186,"column":null}},{"start":{},"end":{}}],"line":186},"23":{"loc":{"start":{"line":192,"column":4},"end":{"line":192,"column":null}},"type":"cond-expr","locations":[{"start":{"line":192,"column":12},"end":{"line":192,"column":28}},{"start":{"line":192,"column":28},"end":{"line":192,"column":null}}],"line":192},"24":{"loc":{"start":{"line":193,"column":4},"end":{"line":193,"column":null}},"type":"if","locations":[{"start":{"line":193,"column":4},"end":{"line":193,"column":null}},{"start":{},"end":{}}],"line":193},"25":{"loc":{"start":{"line":201,"column":2},"end":{"line":202,"column":null}},"type":"if","locations":[{"start":{"line":201,"column":2},"end":{"line":202,"column":null}},{"start":{"line":202,"column":7},"end":{"line":202,"column":null}}],"line":201},"26":{"loc":{"start":{"line":208,"column":2},"end":{"line":208,"column":null}},"type":"if","locations":[{"start":{"line":208,"column":2},"end":{"line":208,"column":null}},{"start":{},"end":{}}],"line":208},"27":{"loc":{"start":{"line":208,"column":8},"end":{"line":208,"column":75}},"type":"binary-expr","locations":[{"start":{"line":208,"column":8},"end":{"line":208,"column":68}},{"start":{"line":208,"column":68},"end":{"line":208,"column":75}}],"line":208},"28":{"loc":{"start":{"line":210,"column":2},"end":{"line":210,"column":null}},"type":"if","locations":[{"start":{"line":210,"column":2},"end":{"line":210,"column":null}},{"start":{},"end":{}}],"line":210},"29":{"loc":{"start":{"line":210,"column":6},"end":{"line":210,"column":57}},"type":"binary-expr","locations":[{"start":{"line":210,"column":6},"end":{"line":210,"column":30}},{"start":{"line":210,"column":30},"end":{"line":210,"column":57}}],"line":210},"30":{"loc":{"start":{"line":219,"column":2},"end":{"line":219,"column":null}},"type":"if","locations":[{"start":{"line":219,"column":2},"end":{"line":219,"column":null}},{"start":{},"end":{}}],"line":219},"31":{"loc":{"start":{"line":219,"column":8},"end":{"line":219,"column":75}},"type":"binary-expr","locations":[{"start":{"line":219,"column":8},"end":{"line":219,"column":68}},{"start":{"line":219,"column":68},"end":{"line":219,"column":75}}],"line":219},"32":{"loc":{"start":{"line":221,"column":2},"end":{"line":224,"column":null}},"type":"if","locations":[{"start":{"line":221,"column":2},"end":{"line":224,"column":null}},{"start":{"line":224,"column":9},"end":{"line":224,"column":null}}],"line":221},"33":{"loc":{"start":{"line":221,"column":6},"end":{"line":221,"column":103}},"type":"binary-expr","locations":[{"start":{"line":221,"column":6},"end":{"line":221,"column":46}},{"start":{"line":221,"column":46},"end":{"line":221,"column":73}},{"start":{"line":221,"column":73},"end":{"line":221,"column":103}}],"line":221},"34":{"loc":{"start":{"line":232,"column":2},"end":{"line":235,"column":null}},"type":"if","locations":[{"start":{"line":232,"column":2},"end":{"line":235,"column":null}},{"start":{"line":235,"column":2},"end":{"line":235,"column":null}}],"line":232},"35":{"loc":{"start":{"line":235,"column":2},"end":{"line":235,"column":null}},"type":"if","locations":[{"start":{"line":235,"column":2},"end":{"line":235,"column":null}},{"start":{},"end":{}}],"line":235},"36":{"loc":{"start":{"line":235,"column":13},"end":{"line":235,"column":64}},"type":"binary-expr","locations":[{"start":{"line":235,"column":13},"end":{"line":235,"column":37}},{"start":{"line":235,"column":37},"end":{"line":235,"column":64}}],"line":235},"37":{"loc":{"start":{"line":256,"column":3},"end":{"line":256,"column":null}},"type":"cond-expr","locations":[{"start":{"line":256,"column":14},"end":{"line":256,"column":45}},{"start":{"line":256,"column":45},"end":{"line":256,"column":null}}],"line":256},"38":{"loc":{"start":{"line":266,"column":3},"end":{"line":269,"column":null}},"type":"if","locations":[{"start":{"line":266,"column":3},"end":{"line":269,"column":null}},{"start":{},"end":{}}],"line":266},"39":{"loc":{"start":{"line":266,"column":7},"end":{"line":266,"column":103}},"type":"binary-expr","locations":[{"start":{"line":266,"column":7},"end":{"line":266,"column":41}},{"start":{"line":266,"column":41},"end":{"line":266,"column":96}},{"start":{"line":266,"column":96},"end":{"line":266,"column":103}}],"line":266},"40":{"loc":{"start":{"line":275,"column":3},"end":{"line":278,"column":null}},"type":"if","locations":[{"start":{"line":275,"column":3},"end":{"line":278,"column":null}},{"start":{},"end":{}}],"line":275},"41":{"loc":{"start":{"line":275,"column":7},"end":{"line":275,"column":98}},"type":"binary-expr","locations":[{"start":{"line":275,"column":7},"end":{"line":275,"column":35}},{"start":{"line":275,"column":35},"end":{"line":275,"column":91}},{"start":{"line":275,"column":91},"end":{"line":275,"column":98}}],"line":275},"42":{"loc":{"start":{"line":283,"column":2},"end":{"line":306,"column":null}},"type":"if","locations":[{"start":{"line":283,"column":2},"end":{"line":306,"column":null}},{"start":{"line":294,"column":2},"end":{"line":306,"column":null}}],"line":283},"43":{"loc":{"start":{"line":283,"column":6},"end":{"line":283,"column":46}},"type":"binary-expr","locations":[{"start":{"line":283,"column":6},"end":{"line":283,"column":26}},{"start":{"line":283,"column":26},"end":{"line":283,"column":46}}],"line":283},"44":{"loc":{"start":{"line":287,"column":3},"end":{"line":293,"column":null}},"type":"if","locations":[{"start":{"line":287,"column":3},"end":{"line":293,"column":null}},{"start":{},"end":{}}],"line":287},"45":{"loc":{"start":{"line":288,"column":4},"end":{"line":290,"column":null}},"type":"binary-expr","locations":[{"start":{"line":288,"column":4},"end":{"line":288,"column":null}},{"start":{"line":289,"column":4},"end":{"line":289,"column":null}},{"start":{"line":290,"column":4},"end":{"line":290,"column":null}}],"line":288},"46":{"loc":{"start":{"line":290,"column":6},"end":{"line":290,"column":null}},"type":"binary-expr","locations":[{"start":{"line":290,"column":6},"end":{"line":290,"column":38}},{"start":{"line":290,"column":38},"end":{"line":290,"column":73}},{"start":{"line":290,"column":73},"end":{"line":290,"column":null}}],"line":290},"47":{"loc":{"start":{"line":294,"column":2},"end":{"line":306,"column":null}},"type":"if","locations":[{"start":{"line":294,"column":2},"end":{"line":306,"column":null}},{"start":{"line":296,"column":2},"end":{"line":306,"column":null}}],"line":294},"48":{"loc":{"start":{"line":294,"column":13},"end":{"line":294,"column":55}},"type":"binary-expr","locations":[{"start":{"line":294,"column":13},"end":{"line":294,"column":34}},{"start":{"line":294,"column":34},"end":{"line":294,"column":55}}],"line":294},"49":{"loc":{"start":{"line":296,"column":2},"end":{"line":306,"column":null}},"type":"if","locations":[{"start":{"line":296,"column":2},"end":{"line":306,"column":null}},{"start":{},"end":{}}],"line":296},"50":{"loc":{"start":{"line":297,"column":3},"end":{"line":300,"column":null}},"type":"binary-expr","locations":[{"start":{"line":297,"column":3},"end":{"line":297,"column":null}},{"start":{"line":298,"column":3},"end":{"line":298,"column":null}},{"start":{"line":299,"column":3},"end":{"line":299,"column":null}},{"start":{"line":300,"column":3},"end":{"line":300,"column":null}}],"line":297},"51":{"loc":{"start":{"line":300,"column":5},"end":{"line":300,"column":null}},"type":"binary-expr","locations":[{"start":{"line":300,"column":5},"end":{"line":300,"column":37}},{"start":{"line":300,"column":37},"end":{"line":300,"column":72}},{"start":{"line":300,"column":72},"end":{"line":300,"column":null}}],"line":300},"52":{"loc":{"start":{"line":305,"column":3},"end":{"line":305,"column":null}},"type":"if","locations":[{"start":{"line":305,"column":3},"end":{"line":305,"column":null}},{"start":{},"end":{}}],"line":305},"53":{"loc":{"start":{"line":320,"column":3},"end":{"line":334,"column":null}},"type":"if","locations":[{"start":{"line":320,"column":3},"end":{"line":334,"column":null}},{"start":{"line":330,"column":3},"end":{"line":334,"column":null}}],"line":320},"54":{"loc":{"start":{"line":320,"column":7},"end":{"line":320,"column":26}},"type":"binary-expr","locations":[{"start":{"line":320,"column":7},"end":{"line":320,"column":16}},{"start":{"line":320,"column":16},"end":{"line":320,"column":26}}],"line":320},"55":{"loc":{"start":{"line":323,"column":4},"end":{"line":329,"column":null}},"type":"if","locations":[{"start":{"line":323,"column":4},"end":{"line":329,"column":null}},{"start":{"line":329,"column":11},"end":{"line":329,"column":null}}],"line":323},"56":{"loc":{"start":{"line":324,"column":5},"end":{"line":328,"column":null}},"type":"if","locations":[{"start":{"line":324,"column":5},"end":{"line":328,"column":null}},{"start":{"line":326,"column":12},"end":{"line":328,"column":null}}],"line":324},"57":{"loc":{"start":{"line":330,"column":3},"end":{"line":334,"column":null}},"type":"if","locations":[{"start":{"line":330,"column":3},"end":{"line":334,"column":null}},{"start":{"line":332,"column":3},"end":{"line":334,"column":null}}],"line":330},"58":{"loc":{"start":{"line":332,"column":3},"end":{"line":334,"column":null}},"type":"if","locations":[{"start":{"line":332,"column":3},"end":{"line":334,"column":null}},{"start":{},"end":{}}],"line":332},"59":{"loc":{"start":{"line":340,"column":3},"end":{"line":340,"column":null}},"type":"if","locations":[{"start":{"line":340,"column":3},"end":{"line":340,"column":null}},{"start":{},"end":{}}],"line":340},"60":{"loc":{"start":{"line":345,"column":2},"end":{"line":345,"column":null}},"type":"if","locations":[{"start":{"line":345,"column":2},"end":{"line":345,"column":null}},{"start":{},"end":{}}],"line":345},"61":{"loc":{"start":{"line":345,"column":8},"end":{"line":345,"column":76}},"type":"binary-expr","locations":[{"start":{"line":345,"column":8},"end":{"line":345,"column":69}},{"start":{"line":345,"column":69},"end":{"line":345,"column":76}}],"line":345},"62":{"loc":{"start":{"line":350,"column":22},"end":{"line":350,"column":null}},"type":"cond-expr","locations":[{"start":{"line":350,"column":33},"end":{"line":350,"column":49}},{"start":{"line":350,"column":49},"end":{"line":350,"column":null}}],"line":350},"63":{"loc":{"start":{"line":357,"column":3},"end":{"line":377,"column":null}},"type":"if","locations":[{"start":{"line":357,"column":3},"end":{"line":377,"column":null}},{"start":{},"end":{}}],"line":357},"64":{"loc":{"start":{"line":360,"column":4},"end":{"line":362,"column":null}},"type":"if","locations":[{"start":{"line":360,"column":4},"end":{"line":362,"column":null}},{"start":{},"end":{}}],"line":360},"65":{"loc":{"start":{"line":360,"column":8},"end":{"line":360,"column":78}},"type":"binary-expr","locations":[{"start":{"line":360,"column":8},"end":{"line":360,"column":31}},{"start":{"line":360,"column":31},"end":{"line":360,"column":78}}],"line":360},"66":{"loc":{"start":{"line":364,"column":4},"end":{"line":376,"column":null}},"type":"if","locations":[{"start":{"line":364,"column":4},"end":{"line":376,"column":null}},{"start":{},"end":{}}],"line":364},"67":{"loc":{"start":{"line":365,"column":5},"end":{"line":375,"column":null}},"type":"if","locations":[{"start":{"line":365,"column":5},"end":{"line":375,"column":null}},{"start":{"line":368,"column":12},"end":{"line":375,"column":null}}],"line":365},"68":{"loc":{"start":{"line":371,"column":6},"end":{"line":374,"column":null}},"type":"if","locations":[{"start":{"line":371,"column":6},"end":{"line":374,"column":null}},{"start":{},"end":{}}],"line":371},"69":{"loc":{"start":{"line":371,"column":10},"end":{"line":371,"column":74}},"type":"binary-expr","locations":[{"start":{"line":371,"column":10},"end":{"line":371,"column":26}},{"start":{"line":371,"column":26},"end":{"line":371,"column":74}}],"line":371},"70":{"loc":{"start":{"line":382,"column":2},"end":{"line":391,"column":null}},"type":"if","locations":[{"start":{"line":382,"column":2},"end":{"line":391,"column":null}},{"start":{"line":385,"column":9},"end":{"line":391,"column":null}}],"line":382},"71":{"loc":{"start":{"line":387,"column":3},"end":{"line":390,"column":null}},"type":"if","locations":[{"start":{"line":387,"column":3},"end":{"line":390,"column":null}},{"start":{},"end":{}}],"line":387},"72":{"loc":{"start":{"line":387,"column":7},"end":{"line":387,"column":49}},"type":"binary-expr","locations":[{"start":{"line":387,"column":7},"end":{"line":387,"column":43}},{"start":{"line":387,"column":43},"end":{"line":387,"column":49}}],"line":387},"73":{"loc":{"start":{"line":399,"column":2},"end":{"line":402,"column":null}},"type":"if","locations":[{"start":{"line":399,"column":2},"end":{"line":402,"column":null}},{"start":{},"end":{}}],"line":399},"74":{"loc":{"start":{"line":399,"column":6},"end":{"line":399,"column":107}},"type":"binary-expr","locations":[{"start":{"line":399,"column":6},"end":{"line":399,"column":37}},{"start":{"line":399,"column":37},"end":{"line":399,"column":100}},{"start":{"line":399,"column":100},"end":{"line":399,"column":107}}],"line":399},"75":{"loc":{"start":{"line":406,"column":2},"end":{"line":410,"column":null}},"type":"if","locations":[{"start":{"line":406,"column":2},"end":{"line":410,"column":null}},{"start":{},"end":{}}],"line":406},"76":{"loc":{"start":{"line":406,"column":2},"end":{"line":406,"column":95}},"type":"binary-expr","locations":[{"start":{"line":406,"column":7},"end":{"line":406,"column":42}},{"start":{"line":406,"column":42},"end":{"line":406,"column":52}},{"start":{"line":406,"column":52},"end":{"line":406,"column":88}},{"start":{"line":406,"column":88},"end":{"line":406,"column":95}}],"line":406},"77":{"loc":{"start":{"line":414,"column":2},"end":{"line":414,"column":null}},"type":"if","locations":[{"start":{"line":414,"column":2},"end":{"line":414,"column":null}},{"start":{},"end":{}}],"line":414},"78":{"loc":{"start":{"line":416,"column":2},"end":{"line":433,"column":null}},"type":"if","locations":[{"start":{"line":416,"column":2},"end":{"line":433,"column":null}},{"start":{},"end":{}}],"line":416},"79":{"loc":{"start":{"line":417,"column":23},"end":{"line":417,"column":null}},"type":"binary-expr","locations":[{"start":{"line":417,"column":23},"end":{"line":417,"column":55}},{"start":{"line":417,"column":55},"end":{"line":417,"column":null}}],"line":417},"80":{"loc":{"start":{"line":419,"column":3},"end":{"line":432,"column":null}},"type":"if","locations":[{"start":{"line":419,"column":3},"end":{"line":432,"column":null}},{"start":{},"end":{}}],"line":419},"81":{"loc":{"start":{"line":423,"column":37},"end":{"line":423,"column":null}},"type":"binary-expr","locations":[{"start":{"line":423,"column":37},"end":{"line":423,"column":77}},{"start":{"line":423,"column":77},"end":{"line":423,"column":null}}],"line":423},"82":{"loc":{"start":{"line":425,"column":5},"end":{"line":430,"column":null}},"type":"if","locations":[{"start":{"line":425,"column":5},"end":{"line":430,"column":null}},{"start":{"line":430,"column":12},"end":{"line":430,"column":null}}],"line":425},"83":{"loc":{"start":{"line":428,"column":6},"end":{"line":428,"column":null}},"type":"if","locations":[{"start":{"line":428,"column":6},"end":{"line":428,"column":null}},{"start":{},"end":{}}],"line":428},"84":{"loc":{"start":{"line":439,"column":2},"end":{"line":442,"column":null}},"type":"if","locations":[{"start":{"line":439,"column":2},"end":{"line":442,"column":null}},{"start":{},"end":{}}],"line":439},"85":{"loc":{"start":{"line":439,"column":6},"end":{"line":439,"column":48}},"type":"binary-expr","locations":[{"start":{"line":439,"column":6},"end":{"line":439,"column":42}},{"start":{"line":439,"column":42},"end":{"line":439,"column":48}}],"line":439},"86":{"loc":{"start":{"line":446,"column":2},"end":{"line":449,"column":null}},"type":"if","locations":[{"start":{"line":446,"column":2},"end":{"line":449,"column":null}},{"start":{},"end":{}}],"line":446},"87":{"loc":{"start":{"line":446,"column":6},"end":{"line":446,"column":47}},"type":"binary-expr","locations":[{"start":{"line":446,"column":6},"end":{"line":446,"column":41}},{"start":{"line":446,"column":41},"end":{"line":446,"column":47}}],"line":446},"88":{"loc":{"start":{"line":459,"column":8},"end":{"line":459,"column":null}},"type":"binary-expr","locations":[{"start":{"line":459,"column":8},"end":{"line":459,"column":24}},{"start":{"line":459,"column":24},"end":{"line":459,"column":40}},{"start":{"line":459,"column":40},"end":{"line":459,"column":null}}],"line":459},"89":{"loc":{"start":{"line":463,"column":8},"end":{"line":463,"column":null}},"type":"binary-expr","locations":[{"start":{"line":463,"column":8},"end":{"line":463,"column":33}},{"start":{"line":463,"column":33},"end":{"line":463,"column":null}}],"line":463},"90":{"loc":{"start":{"line":475,"column":8},"end":{"line":475,"column":null}},"type":"binary-expr","locations":[{"start":{"line":475,"column":8},"end":{"line":475,"column":41}},{"start":{"line":475,"column":41},"end":{"line":475,"column":null}}],"line":475}},"s":{"0":95,"1":4,"2":95,"3":7,"4":1,"5":6,"6":1,"7":1,"8":0,"9":1,"10":5,"11":5,"12":5,"13":5,"14":0,"15":101,"16":101,"17":101,"18":101,"19":101,"20":101,"21":101,"22":101,"23":101,"24":101,"25":101,"26":101,"27":101,"28":101,"29":95,"30":95,"31":94,"32":95,"33":6,"34":6,"35":5,"36":5,"37":1,"38":101,"39":100,"40":100,"41":100,"42":100,"43":1,"44":99,"45":99,"46":99,"47":99,"48":99,"49":99,"50":99,"51":37,"52":37,"53":37,"54":29,"55":29,"56":24,"57":29,"58":2,"59":8,"60":8,"61":3,"62":1,"63":3,"64":1,"65":37,"66":37,"67":74,"68":74,"69":37,"70":37,"71":198,"72":198,"73":198,"74":198,"75":215,"76":215,"77":215,"78":2,"79":213,"80":213,"81":823,"82":823,"83":823,"84":213,"85":610,"86":184,"87":180,"88":4,"89":180,"90":180,"91":1,"92":179,"93":78,"94":179,"95":179,"96":78,"97":0,"98":78,"99":48,"100":30,"101":78,"102":184,"103":184,"104":2,"105":182,"106":123,"107":3,"108":3,"109":3,"110":3,"111":12,"112":12,"113":3,"114":3,"115":13,"116":13,"117":13,"118":13,"119":3,"120":11,"121":78,"122":88,"123":14,"124":14,"125":78,"126":83,"127":83,"128":19,"129":19,"130":78,"131":19,"132":19,"133":19,"134":19,"135":17,"136":59,"137":2,"138":57,"139":1,"140":1,"141":1,"142":1,"143":123,"144":123,"145":123,"146":123,"147":123,"148":182,"149":182,"150":182,"151":165,"152":165,"153":91,"154":1,"155":90,"156":74,"157":17,"158":17,"159":0,"160":0,"161":123,"162":113,"163":113,"164":113,"165":90,"166":1,"167":89,"168":89,"169":90,"170":90,"171":90,"172":121,"173":117,"174":117,"175":89,"176":117,"177":82,"178":54,"179":54,"180":28,"181":28,"182":30,"183":1,"184":1,"185":66,"186":34,"187":34,"188":34,"189":0,"190":0,"191":0,"192":0,"193":34,"194":126,"195":126,"196":44,"197":44,"198":30,"199":29,"200":29,"201":29,"202":89,"203":74,"204":15,"205":15,"206":15,"207":5,"208":5,"209":5,"210":5,"211":0,"212":0,"213":0,"214":0,"215":5,"216":15,"217":28,"218":27,"219":27,"220":125,"221":125,"222":125,"223":12,"224":355,"225":355,"226":95,"227":900,"228":8,"229":134,"230":61,"231":72,"232":275,"233":3,"234":189},"f":{"0":95,"1":7,"2":1,"3":5,"4":101,"5":95,"6":95,"7":6,"8":6,"9":101,"10":99,"11":99,"12":198,"13":184,"14":180,"15":78,"16":184,"17":3,"18":78,"19":123,"20":90,"21":30,"22":126,"23":30,"24":89,"25":28,"26":125,"27":12,"28":355,"29":95,"30":900,"31":8,"32":134,"33":61,"34":72,"35":275,"36":189},"b":{"0":[95],"1":[4,91],"2":[7],"3":[1,6],"4":[0,1],"5":[5,0],"6":[101],"7":[101,98],"8":[101,99],"9":[94,1],"10":[5,1],"11":[100,1],"12":[29,8],"13":[37,12],"14":[24,5],"15":[2,27],"16":[3,5],"17":[8,3],"18":[1,2],"19":[1,2],"20":[74,62],"21":[37,37],"22":[2,213],"23":[527,296],"24":[213,610],"25":[180,4],"26":[1,179],"27":[180,177],"28":[78,101],"29":[179,104],"30":[0,78],"31":[78,77],"32":[48,30],"33":[78,77,48],"34":[2,182],"35":[123,59],"36":[182,64],"37":[1,12],"38":[14,74],"39":[88,15,14],"40":[19,64],"41":[83,19,19],"42":[19,59],"43":[78,19],"44":[17,2],"45":[19,18,17],"46":[17,0,0],"47":[2,57],"48":[59,2],"49":[1,56],"50":[57,3,3,2],"51":[2,1,1],"52":[1,0],"53":[165,17],"54":[182,165],"55":[91,74],"56":[1,90],"57":[17,0],"58":[0,0],"59":[113,0],"60":[1,89],"61":[90,89],"62":[61,28],"63":[117,4],"64":[89,28],"65":[117,89],"66":[82,35],"67":[54,28],"68":[1,27],"69":[28,28],"70":[34,0],"71":[0,0],"72":[0,0],"73":[44,82],"74":[126,44,44],"75":[29,1],"76":[30,30,30,24],"77":[74,15],"78":[15,0],"79":[15,10],"80":[5,10],"81":[5,0],"82":[0,5],"83":[0,0],"84":[27,1],"85":[28,21],"86":[125,0],"87":[125,124],"88":[355,307,306],"89":[95,94],"90":[8,6]},"meta":{"lastBranch":91,"lastFunction":37,"lastStatement":235,"seen":{"f:52:16:52:22":0,"b:52:89:52:99":0,"b:53:1:53:Infinity:undefined:undefined:undefined:undefined":1,"s:53:1:53:Infinity":0,"s:53:36:53:Infinity":1,"s:54:1:54:Infinity":2,"f:57:16:57:27":1,"b:57:93:57:103":2,"b:58:1:58:Infinity:undefined:undefined:undefined:undefined":3,"s:58:1:58:Infinity":3,"s:58:36:58:Infinity":4,"s:59:1:59:Infinity":5,"f:62:9:62:32":2,"s:63:14:63:Infinity":6,"b:65:1:66:Infinity:66:6:66:Infinity":4,"s:65:1:66:Infinity":7,"s:65:22:65:Infinity":8,"s:66:6:66:Infinity":9,"f:69:9:69:34":3,"s:70:16:70:Infinity":10,"s:71:13:71:Infinity":11,"b:73:1:74:Infinity:74:6:74:Infinity":5,"s:73:1:74:Infinity":12,"s:73:34:73:Infinity":13,"s:74:6:74:Infinity":14,"f:94:1:94:13":4,"b:94:32:94:36":6,"s:95:2:95:Infinity":15,"s:96:2:96:Infinity":16,"s:98:2:98:Infinity":17,"b:98:28:98:57:98:57:98:Infinity":7,"s:99:2:99:Infinity":18,"b:99:33:99:67:99:67:99:Infinity":8,"s:100:2:100:Infinity":19,"s:101:2:101:Infinity":20,"s:102:2:102:Infinity":21,"s:103:2:103:Infinity":22,"s:104:2:104:Infinity":23,"s:105:2:105:Infinity":24,"s:106:2:106:Infinity":25,"s:107:2:107:Infinity":26,"s:108:2:108:Infinity":27,"s:109:2:109:Infinity":28,"f:112:1:112:7":5,"s:113:2:116:Infinity":29,"f:113:30:113:36":6,"b:114:3:114:Infinity:undefined:undefined:undefined:undefined":9,"s:114:3:114:Infinity":30,"s:114:31:114:Infinity":31,"s:115:3:115:Infinity":32,"f:119:1:119:12":7,"s:120:2:127:Infinity":33,"f:120:30:120:36":8,"b:121:3:126:Infinity:124:10:126:Infinity":10,"s:121:3:126:Infinity":34,"s:122:4:122:Infinity":35,"s:123:4:123:Infinity":36,"s:125:4:125:Infinity":37,"f:130:1:130:15":9,"b:131:2:136:Infinity:136:9:136:Infinity":11,"s:131:2:136:Infinity":38,"s:132:28:132:Infinity":39,"s:133:3:133:Infinity":40,"s:134:3:134:Infinity":41,"s:135:3:135:Infinity":42,"s:136:9:136:Infinity":43,"f:139:1:139:12":10,"s:140:2:140:Infinity":44,"s:141:2:141:Infinity":45,"s:142:2:142:Infinity":46,"f:145:1:145:15":11,"s:146:28:146:Infinity":47,"s:148:34:148:Infinity":48,"s:149:2:173:Infinity":49,"s:149:15:149:18":50,"s:150:28:150:Infinity":51,"s:151:19:151:Infinity":52,"b:153:3:165:Infinity:158:10:165:Infinity":12,"s:153:3:165:Infinity":53,"b:153:7:153:36:153:36:153:66":13,"s:154:4:154:Infinity":54,"b:156:4:156:Infinity:undefined:undefined:undefined:undefined":14,"s:156:4:156:Infinity":55,"s:156:66:156:Infinity":56,"b:157:4:157:Infinity:undefined:undefined:undefined:undefined":15,"s:157:4:157:Infinity":57,"s:157:53:157:Infinity":58,"s:159:4:159:Infinity":59,"b:161:4:164:Infinity:undefined:undefined:undefined:undefined":16,"s:161:4:164:Infinity":60,"b:161:8:161:37:161:37:161:62":17,"b:162:5:162:Infinity:undefined:undefined:undefined:undefined":18,"s:162:5:162:Infinity":61,"s:162:35:162:Infinity":62,"b:163:5:163:Infinity:undefined:undefined:undefined:undefined":19,"s:163:5:163:Infinity":63,"s:163:43:163:Infinity":64,"s:167:47:167:Infinity":65,"s:168:3:172:Infinity":66,"s:169:4:169:Infinity":67,"b:169:37:169:72:169:72:169:77":20,"b:170:4:170:Infinity:undefined:undefined:undefined:undefined":21,"s:170:4:170:Infinity":68,"s:170:26:170:Infinity":69,"s:171:4:171:Infinity":70,"f:177:1:177:12":12,"s:178:26:178:Infinity":71,"s:180:32:180:Infinity":72,"s:181:2:196:Infinity":73,"s:181:15:181:18":74,"s:182:25:182:Infinity":75,"s:183:14:183:Infinity":76,"b:186:3:186:Infinity:undefined:undefined:undefined:undefined":22,"s:186:3:186:Infinity":77,"s:186:18:186:Infinity":78,"s:188:47:188:Infinity":79,"s:190:3:195:Infinity":80,"s:191:37:191:Infinity":81,"s:192:4:192:Infinity":82,"b:192:12:192:28:192:28:192:Infinity":23,"b:193:4:193:Infinity:undefined:undefined:undefined:undefined":24,"s:193:4:193:Infinity":83,"s:193:26:193:Infinity":84,"s:194:4:194:Infinity":85,"f:200:1:200:12":13,"b:201:2:202:Infinity:202:7:202:Infinity":25,"s:201:2:202:Infinity":86,"s:201:35:201:Infinity":87,"s:202:7:202:Infinity":88,"f:205:1:205:27":14,"s:206:28:206:Infinity":89,"b:208:2:208:Infinity:undefined:undefined:undefined:undefined":26,"s:208:2:208:Infinity":90,"b:208:8:208:68:208:68:208:75":27,"s:208:75:208:Infinity":91,"b:210:2:210:Infinity:undefined:undefined:undefined:undefined":28,"s:210:2:210:Infinity":92,"b:210:6:210:30:210:30:210:57":29,"s:210:57:210:Infinity":93,"s:213:2:213:Infinity":94,"s:215:2:215:Infinity":95,"f:218:1:218:17":15,"b:219:2:219:Infinity:undefined:undefined:undefined:undefined":30,"s:219:2:219:Infinity":96,"b:219:8:219:68:219:68:219:75":31,"s:219:75:219:Infinity":97,"b:221:2:224:Infinity:224:9:224:Infinity":32,"s:221:2:224:Infinity":98,"b:221:6:221:46:221:46:221:73:221:73:221:103":33,"s:223:3:223:Infinity":99,"s:224:9:224:Infinity":100,"s:226:2:226:Infinity":101,"f:229:1:229:30":16,"s:230:28:230:Infinity":102,"b:232:2:235:Infinity:235:2:235:Infinity":34,"s:232:2:235:Infinity":103,"s:234:3:234:Infinity":104,"b:235:2:235:Infinity:undefined:undefined:undefined:undefined":35,"s:235:2:235:Infinity":105,"b:235:13:235:37:235:37:235:64":36,"s:235:64:235:Infinity":106,"f:238:1:238:20":17,"s:239:63:239:Infinity":107,"s:242:34:242:Infinity":108,"s:243:2:246:Infinity":109,"s:243:15:243:18":110,"s:244:17:244:Infinity":111,"s:245:3:245:Infinity":112,"s:249:2:257:Infinity":113,"s:249:15:249:41":114,"s:250:17:250:Infinity":115,"s:251:15:251:Infinity":116,"s:252:20:252:Infinity":117,"s:256:3:256:Infinity":118,"b:256:14:256:45:256:45:256:Infinity":37,"s:260:2:260:Infinity":119,"s:260:52:260:Infinity":120,"f:263:1:263:18":18,"s:265:2:270:Infinity":121,"b:266:3:269:Infinity:undefined:undefined:undefined:undefined":38,"s:266:3:269:Infinity":122,"b:266:7:266:41:266:41:266:96:266:96:266:103":39,"s:267:4:267:Infinity":123,"s:268:4:268:Infinity":124,"s:273:2:279:Infinity":125,"s:274:25:274:Infinity":126,"b:275:3:278:Infinity:undefined:undefined:undefined:undefined":40,"s:275:3:278:Infinity":127,"b:275:7:275:35:275:35:275:91:275:91:275:98":41,"s:276:4:276:Infinity":128,"s:277:4:277:Infinity":129,"b:283:2:306:Infinity:294:2:306:Infinity":42,"s:283:2:306:Infinity":130,"b:283:6:283:26:283:26:283:46":43,"s:284:3:284:Infinity":131,"s:285:3:285:Infinity":132,"s:286:3:286:Infinity":133,"b:287:3:293:Infinity:undefined:undefined:undefined:undefined":44,"s:287:3:293:Infinity":134,"b:288:4:288:Infinity:289:4:289:Infinity:290:4:290:Infinity":45,"b:290:6:290:38:290:38:290:73:290:73:290:Infinity":46,"s:292:4:292:Infinity":135,"b:294:2:306:Infinity:296:2:306:Infinity":47,"s:294:2:306:Infinity":136,"b:294:13:294:34:294:34:294:55":48,"s:295:3:295:Infinity":137,"b:296:2:306:Infinity:undefined:undefined:undefined:undefined":49,"s:296:2:306:Infinity":138,"b:297:3:297:Infinity:298:3:298:Infinity:299:3:299:Infinity:300:3:300:Infinity":50,"b:300:5:300:37:300:37:300:72:300:72:300:Infinity":51,"s:302:3:302:Infinity":139,"s:304:16:304:Infinity":140,"b:305:3:305:Infinity:undefined:undefined:undefined:undefined":52,"s:305:3:305:Infinity":141,"s:305:13:305:Infinity":142,"f:310:1:310:18":19,"s:311:31:311:Infinity":143,"s:313:21:313:Infinity":144,"s:314:24:314:Infinity":145,"s:316:2:335:Infinity":146,"s:316:15:316:18":147,"s:317:17:317:Infinity":148,"s:318:20:318:Infinity":149,"b:320:3:334:Infinity:330:3:334:Infinity":53,"s:320:3:334:Infinity":150,"b:320:7:320:16:320:16:320:26":54,"s:321:47:321:Infinity":151,"b:323:4:329:Infinity:329:11:329:Infinity":55,"s:323:4:329:Infinity":152,"b:324:5:328:Infinity:326:12:328:Infinity":56,"s:324:5:328:Infinity":153,"s:325:6:325:Infinity":154,"s:327:6:327:Infinity":155,"s:329:11:329:Infinity":156,"b:330:3:334:Infinity:332:3:334:Infinity":57,"s:330:3:334:Infinity":157,"s:331:4:331:Infinity":158,"b:332:3:334:Infinity:undefined:undefined:undefined:undefined":58,"s:332:3:334:Infinity":159,"s:333:4:333:Infinity":160,"s:338:2:341:Infinity":161,"s:339:17:339:Infinity":162,"b:340:3:340:Infinity:undefined:undefined:undefined:undefined":59,"s:340:3:340:Infinity":163,"s:340:14:340:Infinity":164,"f:344:1:344:20":20,"b:345:2:345:Infinity:undefined:undefined:undefined:undefined":60,"s:345:2:345:Infinity":165,"b:345:8:345:69:345:69:345:76":61,"s:345:76:345:Infinity":166,"s:347:19:347:Infinity":167,"s:350:22:350:Infinity":168,"b:350:33:350:49:350:49:350:Infinity":62,"s:352:38:352:Infinity":169,"s:353:45:353:Infinity":170,"s:356:2:380:Infinity":171,"b:357:3:377:Infinity:undefined:undefined:undefined:undefined":63,"s:357:3:377:Infinity":172,"s:358:15:358:Infinity":173,"b:360:4:362:Infinity:undefined:undefined:undefined:undefined":64,"s:360:4:362:Infinity":174,"b:360:8:360:31:360:31:360:78":65,"s:361:5:361:Infinity":175,"b:364:4:376:Infinity:undefined:undefined:undefined:undefined":66,"s:364:4:376:Infinity":176,"b:365:5:375:Infinity:368:12:375:Infinity":67,"s:365:5:375:Infinity":177,"s:366:6:366:Infinity":178,"s:367:6:367:Infinity":179,"s:369:27:369:Infinity":180,"b:371:6:374:Infinity:undefined:undefined:undefined:undefined":68,"s:371:6:374:Infinity":181,"b:371:10:371:26:371:26:371:74":69,"f:371:43:371:44":21,"s:371:51:371:71":182,"s:372:7:372:Infinity":183,"s:373:7:373:Infinity":184,"s:379:3:379:Infinity":185,"b:382:2:391:Infinity:385:9:391:Infinity":70,"s:382:2:391:Infinity":186,"s:383:3:383:Infinity":187,"s:384:3:384:Infinity":188,"s:386:19:386:Infinity":189,"b:387:3:390:Infinity:undefined:undefined:undefined:undefined":71,"s:387:3:390:Infinity":190,"b:387:7:387:43:387:43:387:49":72,"s:388:4:388:Infinity":191,"s:389:4:389:Infinity":192,"s:393:2:393:Infinity":193,"f:396:1:396:52":22,"s:397:24:397:Infinity":194,"b:399:2:402:Infinity:undefined:undefined:undefined:undefined":73,"s:399:2:402:Infinity":195,"b:399:6:399:37:399:37:399:100:399:100:399:107":74,"s:400:3:400:Infinity":196,"s:401:3:401:Infinity":197,"f:405:1:405:14":23,"b:406:2:410:Infinity:undefined:undefined:undefined:undefined":75,"s:406:2:410:Infinity":198,"b:406:7:406:42:406:42:406:52:406:52:406:88:406:88:406:95":76,"s:407:3:407:Infinity":199,"s:408:3:408:Infinity":200,"s:409:3:409:Infinity":201,"f:413:1:413:15":24,"b:414:2:414:Infinity:undefined:undefined:undefined:undefined":77,"s:414:2:414:Infinity":202,"s:414:31:414:Infinity":203,"b:416:2:433:Infinity:undefined:undefined:undefined:undefined":78,"s:416:2:433:Infinity":204,"s:417:23:417:Infinity":205,"b:417:23:417:55:417:55:417:Infinity":79,"b:419:3:432:Infinity:undefined:undefined:undefined:undefined":80,"s:419:3:432:Infinity":206,"s:420:23:420:Infinity":207,"s:422:4:431:Infinity":208,"s:423:37:423:Infinity":209,"b:423:37:423:77:423:77:423:Infinity":81,"b:425:5:430:Infinity:430:12:430:Infinity":82,"s:425:5:430:Infinity":210,"s:426:6:426:Infinity":211,"b:428:6:428:Infinity:undefined:undefined:undefined:undefined":83,"s:428:6:428:Infinity":212,"s:428:43:428:Infinity":213,"s:429:6:429:Infinity":214,"s:430:12:430:Infinity":215,"s:435:2:435:Infinity":216,"f:438:1:438:14":25,"b:439:2:442:Infinity:undefined:undefined:undefined:undefined":84,"s:439:2:442:Infinity":217,"b:439:6:439:42:439:42:439:48":85,"s:440:3:440:Infinity":218,"s:441:3:441:Infinity":219,"f:445:1:445:13":26,"b:446:2:449:Infinity:undefined:undefined:undefined:undefined":86,"s:446:2:449:Infinity":220,"b:446:6:446:41:446:41:446:47":87,"s:447:3:447:Infinity":221,"s:448:3:448:Infinity":222,"f:453:9:453:38":27,"s:454:1:454:Infinity":223,"f:457:9:457:31":28,"s:458:16:458:Infinity":224,"s:459:1:459:Infinity":225,"b:459:8:459:24:459:24:459:40:459:40:459:Infinity":88,"f:462:9:462:26":29,"s:463:1:463:Infinity":226,"b:463:8:463:33:463:33:463:Infinity":89,"f:468:9:468:19":30,"s:469:1:469:Infinity":227,"f:474:9:474:17":31,"s:475:1:475:Infinity":228,"b:475:8:475:41:475:41:475:Infinity":90,"f:480:9:480:17":32,"s:481:1:481:Infinity":229,"f:486:9:486:18":33,"s:487:1:487:Infinity":230,"f:492:9:492:20":34,"s:493:1:493:Infinity":231,"f:498:9:498:16":35,"s:499:1:499:Infinity":232,"s:502:24:502:Infinity":233,"f:506:9:506:22":36,"s:507:1:507:Infinity":234}}}
}
